Using pre-set license

 COMMAND LINE ARGUMENTS:
/Applications/Unity/Hub/Editor/2020.3.8f1/Unity.app/Contents/MacOS/Unity
-adb2
-batchMode
-noUpm
-name
AssetImportWorker0
-projectPath
/Users/stevenchen/Desktop/Dialog_System
-logFile
Logs/AssetImportWorker0.log
-srvPort
50950
Successfully changed project path to: /Users/stevenchen/Desktop/Dialog_System
/Users/stevenchen/Desktop/Dialog_System
Using Asset Import Pipeline V2.
Refreshing native plugins compatible for Editor in 46.58 ms, found 1 plugins.
Preloading 0 native plugins for Editor in 0.00 ms.
Initialize engine version: 2020.3.8f1 (507919d4fff5)
[Subsystems] Discovering subsystems at path /Applications/Unity/Hub/Editor/2020.3.8f1/Unity.app/Contents/Resources/UnitySubsystems
[Subsystems] Discovering subsystems at path /Users/stevenchen/Desktop/Dialog_System/Assets
GfxDevice: creating device client; threaded=0
2022-04-22 14:32:07.658 Unity[1640:56531] Color LCD preferred device: Intel HD Graphics 5000 (low power)
2022-04-22 14:32:07.658 Unity[1640:56531] Metal devices available: 1
2022-04-22 14:32:07.658 Unity[1640:56531] 0: Intel HD Graphics 5000 (low power)
2022-04-22 14:32:07.658 Unity[1640:56531] Using device Intel HD Graphics 5000 (low power)
Initializing Metal device caps: Intel HD Graphics 5000
Initialize mono
Mono path[0] = '/Applications/Unity/Hub/Editor/2020.3.8f1/Unity.app/Contents/Managed'
Mono path[1] = '/Applications/Unity/Hub/Editor/2020.3.8f1/Unity.app/Contents/MonoBleedingEdge/lib/mono/unityjit'
Mono config path = '/Applications/Unity/Hub/Editor/2020.3.8f1/Unity.app/Contents/MonoBleedingEdge/etc'
Using monoOptions --debugger-agent=transport=dt_socket,embedding=1,server=y,suspend=n,address=127.0.0.1:56640
Begin MonoManager ReloadAssembly
Registering precompiled unity dll's ...
Register platform support module: /Applications/Unity/Hub/Editor/2020.3.8f1/Unity.app/Contents/PlaybackEngines/MacStandaloneSupport/UnityEditor.OSXStandalone.Extensions.dll
Registered in 0.009524 seconds.
Native extension for OSXStandalone target not found
Refreshing native plugins compatible for Editor in 45.39 ms, found 1 plugins.
Preloading 0 native plugins for Editor in 0.00 ms.
Mono: successfully reloaded assembly
- Completed reload, in  2.538 seconds
Platform modules already initialized, skipping
Registering precompiled user dll's ...
Registered in 0.001708 seconds.
Begin MonoManager ReloadAssembly
Native extension for OSXStandalone target not found
Refreshing native plugins compatible for Editor in 0.36 ms, found 1 plugins.
Preloading 0 native plugins for Editor in 0.00 ms.
Mono: successfully reloaded assembly
- Completed reload, in  2.048 seconds
Platform modules already initialized, skipping
========================================================================
Worker process is ready to serve import requests
Launching external process: /Applications/Unity/Hub/Editor/2020.3.8f1/Unity.app/Contents/Tools/UnityShaderCompiler
Launched and connected shader compiler UnityShaderCompiler after 0.03 seconds
Refreshing native plugins compatible for Editor in 0.56 ms, found 1 plugins.
Preloading 0 native plugins for Editor in 0.00 ms.
Unloading 1675 Unused Serialized files (Serialized files now loaded: 0)
System memory in use before: 134.7 MB.
System memory in use after: 134.8 MB.

Unloading 13 unused Assets to reduce memory usage. Loaded Objects now: 2123.
Total: 4.746233 ms (FindLiveObjects: 0.511680 ms CreateObjectMapping: 0.161630 ms MarkObjects: 3.882249 ms  DeleteObjects: 0.188377 ms)

========================================================================
Received Import Request.
  path: Assets/00_Scripts/Dialog_System/Scripts/DialogSystem.cs
  artifactKey: Guid(0dd88d5f99668154885832b43d7f04c1) Importer(815301076,1909f56bfc062723c751e8b465ee728b)
Start importing Assets/00_Scripts/Dialog_System/Scripts/DialogSystem.cs using Guid(0dd88d5f99668154885832b43d7f04c1) Importer(815301076,1909f56bfc062723c751e8b465ee728b)  -> (artifact id: '5d3b12466274b555de1544617e9184b6') in 9.852613 seconds
  Import took 9.866756 seconds .

========================================================================
Received Import Request.
  Time since last request: 0.000342 seconds.
  path: Assets/00_Scripts/Dialog_System/Scripts/Dialog_Animation.cs
  artifactKey: Guid(3b7b9699e2d164b909934c962eec56dd) Importer(815301076,1909f56bfc062723c751e8b465ee728b)
Start importing Assets/00_Scripts/Dialog_System/Scripts/Dialog_Animation.cs using Guid(3b7b9699e2d164b909934c962eec56dd) Importer(815301076,1909f56bfc062723c751e8b465ee728b)  -> (artifact id: '3f9763df16e4b0eb47a4ff5e38a7d3e4') in 0.003954 seconds
  Import took 0.012176 seconds .

========================================================================
Received Import Request.
  Time since last request: 0.000503 seconds.
  path: Assets/00_Scripts/Dialog_System/Scripts/Dialog_Panel.cs
  artifactKey: Guid(e5c7e36ed4ea34bd9a6e39161d12b5cb) Importer(815301076,1909f56bfc062723c751e8b465ee728b)
Start importing Assets/00_Scripts/Dialog_System/Scripts/Dialog_Panel.cs using Guid(e5c7e36ed4ea34bd9a6e39161d12b5cb) Importer(815301076,1909f56bfc062723c751e8b465ee728b)  -> (artifact id: '30c8cdb9e311b3ba09582a71819460e2') in 0.015656 seconds
  Import took 0.022670 seconds .

========================================================================
Received Import Request.
  Time since last request: 0.001133 seconds.
  path: Assets/00_Scripts/Dialog_System/Scripts/Dialog_GameLoop.cs
  artifactKey: Guid(4c79b5698b78f524aa5e7d50fc987f39) Importer(815301076,1909f56bfc062723c751e8b465ee728b)
Start importing Assets/00_Scripts/Dialog_System/Scripts/Dialog_GameLoop.cs using Guid(4c79b5698b78f524aa5e7d50fc987f39) Importer(815301076,1909f56bfc062723c751e8b465ee728b)  -> (artifact id: '7b44a75fbf350b7f3d28cb04527929f1') in 0.005352 seconds
  Import took 0.011030 seconds .

========================================================================
Received Prepare
Registering precompiled user dll's ...
Registered in 0.000834 seconds.
Begin MonoManager ReloadAssembly
Native extension for OSXStandalone target not found
Refreshing native plugins compatible for Editor in 0.38 ms, found 1 plugins.
Preloading 0 native plugins for Editor in 0.00 ms.
Mono: successfully reloaded assembly
- Completed reload, in  2.345 seconds
Platform modules already initialized, skipping
Refreshing native plugins compatible for Editor in 0.40 ms, found 1 plugins.
Preloading 0 native plugins for Editor in 0.00 ms.
Unloading 1657 Unused Serialized files (Serialized files now loaded: 0)
System memory in use before: 138.8 MB.
System memory in use after: 138.9 MB.

Unloading 4 unused Assets to reduce memory usage. Loaded Objects now: 2126.
Total: 4.635947 ms (FindLiveObjects: 0.369797 ms CreateObjectMapping: 0.161187 ms MarkObjects: 4.038300 ms  DeleteObjects: 0.064408 ms)

========================================================================
Received Prepare
Registering precompiled user dll's ...
Registered in 0.000716 seconds.
Begin MonoManager ReloadAssembly
Native extension for OSXStandalone target not found
Refreshing native plugins compatible for Editor in 0.57 ms, found 1 plugins.
Preloading 0 native plugins for Editor in 0.00 ms.
Mono: successfully reloaded assembly
- Completed reload, in  2.821 seconds
Platform modules already initialized, skipping
Refreshing native plugins compatible for Editor in 0.38 ms, found 1 plugins.
Preloading 0 native plugins for Editor in 0.00 ms.
Unloading 1657 Unused Serialized files (Serialized files now loaded: 0)
System memory in use before: 139.1 MB.
System memory in use after: 139.2 MB.

Unloading 4 unused Assets to reduce memory usage. Loaded Objects now: 2129.
Total: 4.409248 ms (FindLiveObjects: 0.293642 ms CreateObjectMapping: 0.123547 ms MarkObjects: 3.950681 ms  DeleteObjects: 0.039374 ms)

========================================================================
Received Prepare
Registering precompiled user dll's ...
Registered in 0.000776 seconds.
Begin MonoManager ReloadAssembly
Native extension for OSXStandalone target not found
Refreshing native plugins compatible for Editor in 0.46 ms, found 1 plugins.
Preloading 0 native plugins for Editor in 0.00 ms.
Mono: successfully reloaded assembly
- Completed reload, in  1.869 seconds
Platform modules already initialized, skipping
Refreshing native plugins compatible for Editor in 0.34 ms, found 1 plugins.
Preloading 0 native plugins for Editor in 0.00 ms.
Unloading 1657 Unused Serialized files (Serialized files now loaded: 0)
System memory in use before: 139.4 MB.
System memory in use after: 139.5 MB.

Unloading 4 unused Assets to reduce memory usage. Loaded Objects now: 2132.
Total: 3.120224 ms (FindLiveObjects: 0.231109 ms CreateObjectMapping: 0.109402 ms MarkObjects: 2.746973 ms  DeleteObjects: 0.031393 ms)

========================================================================
Received Prepare
Registering precompiled user dll's ...
Registered in 0.000795 seconds.
Begin MonoManager ReloadAssembly
Native extension for OSXStandalone target not found
Refreshing native plugins compatible for Editor in 0.38 ms, found 1 plugins.
Preloading 0 native plugins for Editor in 0.00 ms.
Mono: successfully reloaded assembly
- Completed reload, in  2.099 seconds
Platform modules already initialized, skipping
Refreshing native plugins compatible for Editor in 0.37 ms, found 1 plugins.
Preloading 0 native plugins for Editor in 0.00 ms.
Unloading 1657 Unused Serialized files (Serialized files now loaded: 0)
System memory in use before: 139.6 MB.
System memory in use after: 139.7 MB.

Unloading 4 unused Assets to reduce memory usage. Loaded Objects now: 2135.
Total: 3.649980 ms (FindLiveObjects: 0.317117 ms CreateObjectMapping: 0.116100 ms MarkObjects: 3.175748 ms  DeleteObjects: 0.039658 ms)

========================================================================
Received Prepare
Registering precompiled user dll's ...
Registered in 0.000691 seconds.
Begin MonoManager ReloadAssembly
Native extension for OSXStandalone target not found
Refreshing native plugins compatible for Editor in 0.37 ms, found 1 plugins.
Preloading 0 native plugins for Editor in 0.00 ms.
Mono: successfully reloaded assembly
- Completed reload, in  1.993 seconds
Platform modules already initialized, skipping
Refreshing native plugins compatible for Editor in 0.42 ms, found 1 plugins.
Preloading 0 native plugins for Editor in 0.00 ms.
Unloading 1657 Unused Serialized files (Serialized files now loaded: 0)
System memory in use before: 139.8 MB.
System memory in use after: 139.9 MB.

Unloading 4 unused Assets to reduce memory usage. Loaded Objects now: 2138.
Total: 3.194960 ms (FindLiveObjects: 0.227308 ms CreateObjectMapping: 0.101061 ms MarkObjects: 2.835309 ms  DeleteObjects: 0.030001 ms)

========================================================================
Received Prepare
Registering precompiled user dll's ...
Registered in 0.000747 seconds.
Begin MonoManager ReloadAssembly
Native extension for OSXStandalone target not found
Refreshing native plugins compatible for Editor in 0.40 ms, found 1 plugins.
Preloading 0 native plugins for Editor in 0.00 ms.
Mono: successfully reloaded assembly
- Completed reload, in  1.826 seconds
Platform modules already initialized, skipping
Refreshing native plugins compatible for Editor in 0.49 ms, found 1 plugins.
Preloading 0 native plugins for Editor in 0.00 ms.
Unloading 1657 Unused Serialized files (Serialized files now loaded: 0)
System memory in use before: 140.0 MB.
System memory in use after: 140.1 MB.

Unloading 4 unused Assets to reduce memory usage. Loaded Objects now: 2141.
Total: 6.304051 ms (FindLiveObjects: 0.942006 ms CreateObjectMapping: 0.575388 ms MarkObjects: 4.731231 ms  DeleteObjects: 0.051881 ms)

========================================================================
Received Prepare
Registering precompiled user dll's ...
Registered in 0.000697 seconds.
Begin MonoManager ReloadAssembly
Native extension for OSXStandalone target not found
Refreshing native plugins compatible for Editor in 0.35 ms, found 1 plugins.
Preloading 0 native plugins for Editor in 0.00 ms.
Mono: successfully reloaded assembly
- Completed reload, in  1.863 seconds
Platform modules already initialized, skipping
Refreshing native plugins compatible for Editor in 0.45 ms, found 1 plugins.
Preloading 0 native plugins for Editor in 0.00 ms.
Unloading 1657 Unused Serialized files (Serialized files now loaded: 0)
System memory in use before: 140.2 MB.
System memory in use after: 140.3 MB.

Unloading 4 unused Assets to reduce memory usage. Loaded Objects now: 2144.
Total: 3.698273 ms (FindLiveObjects: 0.266628 ms CreateObjectMapping: 0.137653 ms MarkObjects: 3.257500 ms  DeleteObjects: 0.034650 ms)

========================================================================
Received Prepare
Registering precompiled user dll's ...
Registered in 0.001100 seconds.
Begin MonoManager ReloadAssembly
Native extension for OSXStandalone target not found
Refreshing native plugins compatible for Editor in 0.41 ms, found 1 plugins.
Preloading 0 native plugins for Editor in 0.00 ms.
Mono: successfully reloaded assembly
- Completed reload, in  2.420 seconds
Platform modules already initialized, skipping
Refreshing native plugins compatible for Editor in 0.35 ms, found 1 plugins.
Preloading 0 native plugins for Editor in 0.00 ms.
Unloading 1657 Unused Serialized files (Serialized files now loaded: 0)
System memory in use before: 140.4 MB.
System memory in use after: 140.5 MB.

Unloading 4 unused Assets to reduce memory usage. Loaded Objects now: 2147.
Total: 3.523116 ms (FindLiveObjects: 0.222044 ms CreateObjectMapping: 0.101231 ms MarkObjects: 3.164608 ms  DeleteObjects: 0.033899 ms)

========================================================================
Received Prepare
Registering precompiled user dll's ...
Registered in 0.001722 seconds.
Begin MonoManager ReloadAssembly
Native extension for OSXStandalone target not found
Refreshing native plugins compatible for Editor in 0.34 ms, found 1 plugins.
Preloading 0 native plugins for Editor in 0.00 ms.
Mono: successfully reloaded assembly
- Completed reload, in  2.219 seconds
Platform modules already initialized, skipping
Refreshing native plugins compatible for Editor in 0.49 ms, found 1 plugins.
Preloading 0 native plugins for Editor in 0.00 ms.
Unloading 1657 Unused Serialized files (Serialized files now loaded: 0)
System memory in use before: 140.6 MB.
System memory in use after: 140.7 MB.

Unloading 4 unused Assets to reduce memory usage. Loaded Objects now: 2150.
Total: 3.687546 ms (FindLiveObjects: 0.244460 ms CreateObjectMapping: 0.114671 ms MarkObjects: 3.263713 ms  DeleteObjects: 0.063050 ms)

========================================================================
Received Prepare
Registering precompiled user dll's ...
Registered in 0.001255 seconds.
Begin MonoManager ReloadAssembly
Native extension for OSXStandalone target not found
Refreshing native plugins compatible for Editor in 0.36 ms, found 1 plugins.
Preloading 0 native plugins for Editor in 0.00 ms.
Mono: successfully reloaded assembly
- Completed reload, in  2.001 seconds
Platform modules already initialized, skipping
Refreshing native plugins compatible for Editor in 0.55 ms, found 1 plugins.
Preloading 0 native plugins for Editor in 0.00 ms.
Unloading 1657 Unused Serialized files (Serialized files now loaded: 0)
System memory in use before: 140.8 MB.
System memory in use after: 140.9 MB.

Unloading 4 unused Assets to reduce memory usage. Loaded Objects now: 2153.
Total: 3.310249 ms (FindLiveObjects: 0.317355 ms CreateObjectMapping: 0.104348 ms MarkObjects: 2.845205 ms  DeleteObjects: 0.042329 ms)

