Using pre-set license

 COMMAND LINE ARGUMENTS:
/Applications/Unity/Hub/Editor/2020.3.8f1/Unity.app/Contents/MacOS/Unity
-adb2
-batchMode
-noUpm
-name
AssetImportWorker0
-projectPath
/Users/stevenchen/Desktop/Dialog_System
-logFile
Logs/AssetImportWorker0.log
-srvPort
51231
Successfully changed project path to: /Users/stevenchen/Desktop/Dialog_System
/Users/stevenchen/Desktop/Dialog_System
Using Asset Import Pipeline V2.
Refreshing native plugins compatible for Editor in 63.91 ms, found 1 plugins.
Preloading 0 native plugins for Editor in 0.00 ms.
Initialize engine version: 2020.3.8f1 (507919d4fff5)
[Subsystems] Discovering subsystems at path /Applications/Unity/Hub/Editor/2020.3.8f1/Unity.app/Contents/Resources/UnitySubsystems
[Subsystems] Discovering subsystems at path /Users/stevenchen/Desktop/Dialog_System/Assets
GfxDevice: creating device client; threaded=0
2022-02-14 13:16:47.714 Unity[2326:86096] Color LCD preferred device: Intel HD Graphics 5000 (low power)
2022-02-14 13:16:47.714 Unity[2326:86096] Metal devices available: 1
2022-02-14 13:16:47.714 Unity[2326:86096] 0: Intel HD Graphics 5000 (low power)
2022-02-14 13:16:47.716 Unity[2326:86096] Using device Intel HD Graphics 5000 (low power)
Initializing Metal device caps: Intel HD Graphics 5000
Initialize mono
Mono path[0] = '/Applications/Unity/Hub/Editor/2020.3.8f1/Unity.app/Contents/Managed'
Mono path[1] = '/Applications/Unity/Hub/Editor/2020.3.8f1/Unity.app/Contents/MonoBleedingEdge/lib/mono/unityjit'
Mono config path = '/Applications/Unity/Hub/Editor/2020.3.8f1/Unity.app/Contents/MonoBleedingEdge/etc'
Using monoOptions --debugger-agent=transport=dt_socket,embedding=1,server=y,suspend=n,address=127.0.0.1:56326
Begin MonoManager ReloadAssembly
Registering precompiled unity dll's ...
Register platform support module: /Applications/Unity/Hub/Editor/2020.3.8f1/Unity.app/Contents/PlaybackEngines/MacStandaloneSupport/UnityEditor.OSXStandalone.Extensions.dll
Registered in 0.010504 seconds.
Native extension for OSXStandalone target not found
Refreshing native plugins compatible for Editor in 36.61 ms, found 1 plugins.
Preloading 0 native plugins for Editor in 0.00 ms.
Mono: successfully reloaded assembly
- Completed reload, in  2.611 seconds
Platform modules already initialized, skipping
Registering precompiled user dll's ...
Registered in 0.001279 seconds.
Begin MonoManager ReloadAssembly
Native extension for OSXStandalone target not found
Refreshing native plugins compatible for Editor in 0.28 ms, found 1 plugins.
Preloading 0 native plugins for Editor in 0.00 ms.
Mono: successfully reloaded assembly
- Completed reload, in  1.663 seconds
Platform modules already initialized, skipping
========================================================================
Worker process is ready to serve import requests
Launching external process: /Applications/Unity/Hub/Editor/2020.3.8f1/Unity.app/Contents/Tools/UnityShaderCompiler
Launched and connected shader compiler UnityShaderCompiler after 0.03 seconds
Refreshing native plugins compatible for Editor in 0.34 ms, found 1 plugins.
Preloading 0 native plugins for Editor in 0.00 ms.
Unloading 1196 Unused Serialized files (Serialized files now loaded: 0)
System memory in use before: 115.5 MB.
System memory in use after: 115.5 MB.

Unloading 13 unused Assets to reduce memory usage. Loaded Objects now: 1643.
Total: 3.149140 ms (FindLiveObjects: 0.259193 ms CreateObjectMapping: 0.119335 ms MarkObjects: 2.644006 ms  DeleteObjects: 0.124988 ms)

========================================================================
Received Import Request.
  path: Assets/00_Scripts/Dialog_System/Scripts/Dialog_GameLoop.cs
  artifactKey: Guid(4c79b5698b78f524aa5e7d50fc987f39) Importer(815301076,1909f56bfc062723c751e8b465ee728b)
Start importing Assets/00_Scripts/Dialog_System/Scripts/Dialog_GameLoop.cs using Guid(4c79b5698b78f524aa5e7d50fc987f39) Importer(815301076,1909f56bfc062723c751e8b465ee728b)  -> (artifact id: 'fc5f10993c17fc2bee629e39d95b09e8') in 3.427289 seconds
  Import took 3.433529 seconds .

AssetImportWorkerClient::OnTransportError - code=2 error=End of file
